{
  "RSpec": {
    "coverage": {
      "/home/vishwa/InternTraining-Josh/Kisan/app/models/address.rb": [
        1,
        1,
        null,
        1,
        null,
        null
      ],
      "/home/vishwa/InternTraining-Josh/Kisan/app/models/application_record.rb": [
        1,
        1,
        null
      ],
      "/home/vishwa/InternTraining-Josh/Kisan/app/models/farmer_instrument.rb": [
        1,
        1,
        1,
        1,
        1,
        1,
        null
      ],
      "/home/vishwa/InternTraining-Josh/Kisan/app/models/farmer.rb": [
        1,
        1,
        1,
        1,
        1,
        1,
        null,
        1,
        1,
        null,
        1,
        null,
        1,
        null,
        1,
        null,
        1,
        5,
        5,
        null,
        null,
        1,
        1,
        null,
        null,
        null,
        null
      ],
      "/home/vishwa/InternTraining-Josh/Kisan/app/models/instrument.rb": [
        1,
        1,
        1,
        1,
        null,
        null
      ],
      "/home/vishwa/InternTraining-Josh/Kisan/app/models/rent.rb": [
        1,
        1,
        null,
        1,
        null,
        null
      ],
      "/home/vishwa/InternTraining-Josh/Kisan/app/helpers/application_helper.rb": [
        1,
        null
      ],
      "/home/vishwa/InternTraining-Josh/Kisan/app/helpers/farmer_instruments_helper.rb": [
        1,
        null
      ],
      "/home/vishwa/InternTraining-Josh/Kisan/app/controllers/farmer_instruments_controller.rb": [
        1,
        1,
        1,
        1,
        null,
        null,
        1,
        1,
        1,
        1,
        null,
        null,
        1,
        null,
        null,
        null,
        null,
        1,
        null,
        null,
        0,
        null,
        0,
        null,
        null,
        null,
        1,
        0,
        null,
        null,
        null,
        null,
        null,
        null,
        null,
        1,
        1,
        1,
        1,
        null,
        null,
        1,
        null,
        1,
        0,
        null,
        null
      ],
      "/home/vishwa/InternTraining-Josh/Kisan/app/controllers/application_controller.rb": [
        1,
        null
      ],
      "/home/vishwa/InternTraining-Josh/Kisan/app/mailers/application_mailer.rb": [
        0,
        0,
        0,
        0
      ],
      "/home/vishwa/InternTraining-Josh/Kisan/app/jobs/application_job.rb": [
        0,
        0
      ],
      "/home/vishwa/InternTraining-Josh/Kisan/app/channels/application_cable/connection.rb": [
        0,
        0,
        0,
        0
      ],
      "/home/vishwa/InternTraining-Josh/Kisan/app/channels/application_cable/channel.rb": [
        0,
        0,
        0,
        0
      ]
    },
    "timestamp": 1579669262
  }
}
